[2025-12-29T01:29:52.849+0000] {taskinstance.py:1957} INFO - Dependencies all met for dep_context=non-requeueable deps ti=<TaskInstance: edtech_analytics.analyze_classroom_performance scheduled__2025-12-28T00:00:00+00:00 [queued]>
[2025-12-29T01:29:52.892+0000] {taskinstance.py:1957} INFO - Dependencies all met for dep_context=requeueable deps ti=<TaskInstance: edtech_analytics.analyze_classroom_performance scheduled__2025-12-28T00:00:00+00:00 [queued]>
[2025-12-29T01:29:52.894+0000] {taskinstance.py:2171} INFO - Starting attempt 1 of 2
[2025-12-29T01:29:52.994+0000] {taskinstance.py:2192} INFO - Executing <Task(PythonOperator): analyze_classroom_performance> on 2025-12-28 00:00:00+00:00
[2025-12-29T01:29:53.026+0000] {standard_task_runner.py:60} INFO - Started process 259 to run task
[2025-12-29T01:29:53.066+0000] {standard_task_runner.py:87} INFO - Running: ['***', 'tasks', 'run', 'edtech_analytics', 'analyze_classroom_performance', 'scheduled__2025-12-28T00:00:00+00:00', '--job-id', '3', '--raw', '--subdir', 'DAGS_FOLDER/edtech_dag.py', '--cfg-path', '/tmp/tmpusnvm_5z']
[2025-12-29T01:29:53.074+0000] {standard_task_runner.py:88} INFO - Job 3: Subtask analyze_classroom_performance
[2025-12-29T01:29:53.180+0000] {task_command.py:423} INFO - Running <TaskInstance: edtech_analytics.analyze_classroom_performance scheduled__2025-12-28T00:00:00+00:00 [running]> on host 3aa313e1d191
[2025-12-29T01:29:53.338+0000] {taskinstance.py:2481} INFO - Exporting env vars: AIRFLOW_CTX_DAG_OWNER='edtech_team' AIRFLOW_CTX_DAG_ID='edtech_analytics' AIRFLOW_CTX_TASK_ID='analyze_classroom_performance' AIRFLOW_CTX_EXECUTION_DATE='2025-12-28T00:00:00+00:00' AIRFLOW_CTX_TRY_NUMBER='1' AIRFLOW_CTX_DAG_RUN_ID='scheduled__2025-12-28T00:00:00+00:00'
[2025-12-29T01:29:53.340+0000] {logging_mixin.py:188} INFO - 🎓 Analyse des performances par classe en cours...
[2025-12-29T01:29:53.361+0000] {logging_mixin.py:188} INFO - 
🏆 Performances par classe :
[2025-12-29T01:29:53.362+0000] {logging_mixin.py:188} INFO -   - Data_2025:
[2025-12-29T01:29:53.363+0000] {logging_mixin.py:188} INFO -     • Étudiants: 149
[2025-12-29T01:29:53.363+0000] {logging_mixin.py:188} INFO -     • Événements de streaming: 1
[2025-12-29T01:29:53.363+0000] {logging_mixin.py:188} INFO -     • Complétion moyenne: 50.00%
[2025-12-29T01:29:53.364+0000] {logging_mixin.py:188} INFO -     • Temps de visionnage moyen: 120.00s
[2025-12-29T01:29:53.364+0000] {logging_mixin.py:188} INFO -   - Cybersec_2025:
[2025-12-29T01:29:53.365+0000] {logging_mixin.py:188} INFO -     • Étudiants: 117
[2025-12-29T01:29:53.365+0000] {logging_mixin.py:188} INFO -     • Événements de streaming: 0
[2025-12-29T01:29:53.365+0000] {logging_mixin.py:188} INFO -     • Aucune donnée de streaming disponible
[2025-12-29T01:29:53.365+0000] {logging_mixin.py:188} INFO -   - DevOps_2025:
[2025-12-29T01:29:53.366+0000] {logging_mixin.py:188} INFO -     • Étudiants: 143
[2025-12-29T01:29:53.366+0000] {logging_mixin.py:188} INFO -     • Événements de streaming: 0
[2025-12-29T01:29:53.366+0000] {logging_mixin.py:188} INFO -     • Aucune donnée de streaming disponible
[2025-12-29T01:29:53.366+0000] {logging_mixin.py:188} INFO -   - GameDev_2025:
[2025-12-29T01:29:53.366+0000] {logging_mixin.py:188} INFO -     • Étudiants: 136
[2025-12-29T01:29:53.367+0000] {logging_mixin.py:188} INFO -     • Événements de streaming: 0
[2025-12-29T01:29:53.367+0000] {logging_mixin.py:188} INFO -     • Aucune donnée de streaming disponible
[2025-12-29T01:29:53.367+0000] {logging_mixin.py:188} INFO -   - IA_2025:
[2025-12-29T01:29:53.367+0000] {logging_mixin.py:188} INFO -     • Étudiants: 149
[2025-12-29T01:29:53.367+0000] {logging_mixin.py:188} INFO -     • Événements de streaming: 0
[2025-12-29T01:29:53.367+0000] {logging_mixin.py:188} INFO -     • Aucune donnée de streaming disponible
[2025-12-29T01:29:53.367+0000] {logging_mixin.py:188} INFO -   - Mobile_2025:
[2025-12-29T01:29:53.367+0000] {logging_mixin.py:188} INFO -     • Étudiants: 143
[2025-12-29T01:29:53.368+0000] {logging_mixin.py:188} INFO -     • Événements de streaming: 0
[2025-12-29T01:29:53.368+0000] {logging_mixin.py:188} INFO -     • Aucune donnée de streaming disponible
[2025-12-29T01:29:53.368+0000] {logging_mixin.py:188} INFO -   - Cloud_2025:
[2025-12-29T01:29:53.368+0000] {logging_mixin.py:188} INFO -     • Étudiants: 124
[2025-12-29T01:29:53.368+0000] {logging_mixin.py:188} INFO -     • Événements de streaming: 0
[2025-12-29T01:29:53.368+0000] {logging_mixin.py:188} INFO -     • Aucune donnée de streaming disponible
[2025-12-29T01:29:53.368+0000] {logging_mixin.py:188} INFO -   - Web_2025:
[2025-12-29T01:29:53.368+0000] {logging_mixin.py:188} INFO -     • Étudiants: 155
[2025-12-29T01:29:53.368+0000] {logging_mixin.py:188} INFO -     • Événements de streaming: 0
[2025-12-29T01:29:53.369+0000] {logging_mixin.py:188} INFO -     • Aucune donnée de streaming disponible
[2025-12-29T01:29:53.369+0000] {python.py:201} INFO - Done. Returned value was: None
[2025-12-29T01:29:53.397+0000] {taskinstance.py:1138} INFO - Marking task as SUCCESS. dag_id=edtech_analytics, task_id=analyze_classroom_performance, execution_date=20251228T000000, start_date=20251229T012952, end_date=20251229T012953
[2025-12-29T01:29:53.450+0000] {local_task_job_runner.py:234} INFO - Task exited with return code 0
[2025-12-29T01:29:53.512+0000] {taskinstance.py:3281} INFO - 0 downstream tasks scheduled from follow-on schedule check
