[2025-12-29T01:29:52.797+0000] {taskinstance.py:1957} INFO - Dependencies all met for dep_context=non-requeueable deps ti=<TaskInstance: edtech_analytics.analyze_lesson_completion scheduled__2025-12-28T00:00:00+00:00 [queued]>
[2025-12-29T01:29:52.806+0000] {taskinstance.py:1957} INFO - Dependencies all met for dep_context=requeueable deps ti=<TaskInstance: edtech_analytics.analyze_lesson_completion scheduled__2025-12-28T00:00:00+00:00 [queued]>
[2025-12-29T01:29:52.806+0000] {taskinstance.py:2171} INFO - Starting attempt 1 of 2
[2025-12-29T01:29:52.841+0000] {taskinstance.py:2192} INFO - Executing <Task(PythonOperator): analyze_lesson_completion> on 2025-12-28 00:00:00+00:00
[2025-12-29T01:29:52.865+0000] {standard_task_runner.py:60} INFO - Started process 257 to run task
[2025-12-29T01:29:52.879+0000] {standard_task_runner.py:87} INFO - Running: ['***', 'tasks', 'run', 'edtech_analytics', 'analyze_lesson_completion', 'scheduled__2025-12-28T00:00:00+00:00', '--job-id', '5', '--raw', '--subdir', 'DAGS_FOLDER/edtech_dag.py', '--cfg-path', '/tmp/tmpi89pwzwg']
[2025-12-29T01:29:52.892+0000] {standard_task_runner.py:88} INFO - Job 5: Subtask analyze_lesson_completion
[2025-12-29T01:29:53.106+0000] {task_command.py:423} INFO - Running <TaskInstance: edtech_analytics.analyze_lesson_completion scheduled__2025-12-28T00:00:00+00:00 [running]> on host 3aa313e1d191
[2025-12-29T01:29:53.245+0000] {taskinstance.py:2481} INFO - Exporting env vars: AIRFLOW_CTX_DAG_OWNER='edtech_team' AIRFLOW_CTX_DAG_ID='edtech_analytics' AIRFLOW_CTX_TASK_ID='analyze_lesson_completion' AIRFLOW_CTX_EXECUTION_DATE='2025-12-28T00:00:00+00:00' AIRFLOW_CTX_TRY_NUMBER='1' AIRFLOW_CTX_DAG_RUN_ID='scheduled__2025-12-28T00:00:00+00:00'
[2025-12-29T01:29:53.248+0000] {logging_mixin.py:188} INFO - 📚 Analyse du taux de complétion des leçons en cours...
[2025-12-29T01:29:53.359+0000] {logging_mixin.py:188} INFO - 
📊 Statistiques par leçon :
[2025-12-29T01:29:53.359+0000] {logging_mixin.py:188} INFO -   - Introduction à Docker (DevOps):
[2025-12-29T01:29:53.359+0000] {logging_mixin.py:188} INFO -     • Vues: 1
[2025-12-29T01:29:53.360+0000] {logging_mixin.py:188} INFO -     • Complétion moyenne: 50.00%
[2025-12-29T01:29:53.360+0000] {logging_mixin.py:188} INFO -     • Temps de visionnage moyen: 120.00s
[2025-12-29T01:29:53.360+0000] {logging_mixin.py:188} INFO -   - Maîtriser Airflow (Data Engineering): Aucune vue
[2025-12-29T01:29:53.361+0000] {python.py:201} INFO - Done. Returned value was: None
[2025-12-29T01:29:53.389+0000] {taskinstance.py:1138} INFO - Marking task as SUCCESS. dag_id=edtech_analytics, task_id=analyze_lesson_completion, execution_date=20251228T000000, start_date=20251229T012952, end_date=20251229T012953
[2025-12-29T01:29:53.423+0000] {local_task_job_runner.py:234} INFO - Task exited with return code 0
[2025-12-29T01:29:53.447+0000] {taskinstance.py:3281} INFO - 1 downstream tasks scheduled from follow-on schedule check
