[2025-12-29T01:29:52.836+0000] {taskinstance.py:1957} INFO - Dependencies all met for dep_context=non-requeueable deps ti=<TaskInstance: edtech_analytics.analyze_student_engagement scheduled__2025-12-28T00:00:00+00:00 [queued]>
[2025-12-29T01:29:52.852+0000] {taskinstance.py:1957} INFO - Dependencies all met for dep_context=requeueable deps ti=<TaskInstance: edtech_analytics.analyze_student_engagement scheduled__2025-12-28T00:00:00+00:00 [queued]>
[2025-12-29T01:29:52.853+0000] {taskinstance.py:2171} INFO - Starting attempt 1 of 2
[2025-12-29T01:29:52.895+0000] {taskinstance.py:2192} INFO - Executing <Task(PythonOperator): analyze_student_engagement> on 2025-12-28 00:00:00+00:00
[2025-12-29T01:29:52.917+0000] {standard_task_runner.py:60} INFO - Started process 258 to run task
[2025-12-29T01:29:52.946+0000] {standard_task_runner.py:87} INFO - Running: ['***', 'tasks', 'run', 'edtech_analytics', 'analyze_student_engagement', 'scheduled__2025-12-28T00:00:00+00:00', '--job-id', '4', '--raw', '--subdir', 'DAGS_FOLDER/edtech_dag.py', '--cfg-path', '/tmp/tmpwdr0gjq6']
[2025-12-29T01:29:52.957+0000] {standard_task_runner.py:88} INFO - Job 4: Subtask analyze_student_engagement
[2025-12-29T01:29:53.106+0000] {task_command.py:423} INFO - Running <TaskInstance: edtech_analytics.analyze_student_engagement scheduled__2025-12-28T00:00:00+00:00 [running]> on host 3aa313e1d191
[2025-12-29T01:29:53.248+0000] {taskinstance.py:2481} INFO - Exporting env vars: AIRFLOW_CTX_DAG_OWNER='edtech_team' AIRFLOW_CTX_DAG_ID='edtech_analytics' AIRFLOW_CTX_TASK_ID='analyze_student_engagement' AIRFLOW_CTX_EXECUTION_DATE='2025-12-28T00:00:00+00:00' AIRFLOW_CTX_TRY_NUMBER='1' AIRFLOW_CTX_DAG_RUN_ID='scheduled__2025-12-28T00:00:00+00:00'
[2025-12-29T01:29:53.253+0000] {logging_mixin.py:188} INFO - 📊 Analyse de l'engagement des étudiants en cours...
[2025-12-29T01:29:53.333+0000] {logging_mixin.py:188} INFO - 
📈 Répartition des étudiants par classe :
[2025-12-29T01:29:53.333+0000] {logging_mixin.py:188} INFO -   - Web_2025: 155 étudiants
[2025-12-29T01:29:53.334+0000] {logging_mixin.py:188} INFO -   - Data_2025: 149 étudiants
[2025-12-29T01:29:53.334+0000] {logging_mixin.py:188} INFO -   - IA_2025: 149 étudiants
[2025-12-29T01:29:53.335+0000] {logging_mixin.py:188} INFO -   - Mobile_2025: 143 étudiants
[2025-12-29T01:29:53.335+0000] {logging_mixin.py:188} INFO -   - DevOps_2025: 143 étudiants
[2025-12-29T01:29:53.336+0000] {logging_mixin.py:188} INFO -   - GameDev_2025: 136 étudiants
[2025-12-29T01:29:53.336+0000] {logging_mixin.py:188} INFO -   - Cloud_2025: 124 étudiants
[2025-12-29T01:29:53.336+0000] {logging_mixin.py:188} INFO -   - Cybersec_2025: 117 étudiants
[2025-12-29T01:29:53.337+0000] {logging_mixin.py:188} INFO - 
✅ Nombre total d'étudiants : 1116
[2025-12-29T01:29:53.338+0000] {python.py:201} INFO - Done. Returned value was: None
[2025-12-29T01:29:53.356+0000] {taskinstance.py:1138} INFO - Marking task as SUCCESS. dag_id=edtech_analytics, task_id=analyze_student_engagement, execution_date=20251228T000000, start_date=20251229T012952, end_date=20251229T012953
[2025-12-29T01:29:53.431+0000] {local_task_job_runner.py:234} INFO - Task exited with return code 0
[2025-12-29T01:29:53.476+0000] {taskinstance.py:3281} INFO - 0 downstream tasks scheduled from follow-on schedule check
