[2025-12-29T01:16:51.994+0000] {processor.py:161} INFO - Started process (PID=178) to work on /opt/airflow/dags/edtech_dag.py
[2025-12-29T01:16:51.999+0000] {processor.py:830} INFO - Processing file /opt/airflow/dags/edtech_dag.py for tasks to queue
[2025-12-29T01:16:52.002+0000] {logging_mixin.py:188} INFO - [2025-12-29T01:16:52.000+0000] {dagbag.py:538} INFO - Filling up the DagBag from /opt/airflow/dags/edtech_dag.py
[2025-12-29T01:16:52.049+0000] {processor.py:840} INFO - DAG(s) 'edtech_analytics' retrieved from /opt/airflow/dags/edtech_dag.py
[2025-12-29T01:16:52.395+0000] {logging_mixin.py:188} INFO - [2025-12-29T01:16:52.394+0000] {override.py:1769} INFO - Created Permission View: can read on DAG:edtech_analytics
[2025-12-29T01:16:52.404+0000] {logging_mixin.py:188} INFO - [2025-12-29T01:16:52.404+0000] {override.py:1769} INFO - Created Permission View: can delete on DAG:edtech_analytics
[2025-12-29T01:16:52.410+0000] {logging_mixin.py:188} INFO - [2025-12-29T01:16:52.410+0000] {override.py:1769} INFO - Created Permission View: can edit on DAG:edtech_analytics
[2025-12-29T01:16:52.411+0000] {logging_mixin.py:188} INFO - [2025-12-29T01:16:52.410+0000] {dag.py:3033} INFO - Sync 1 DAGs
[2025-12-29T01:16:52.424+0000] {logging_mixin.py:188} INFO - [2025-12-29T01:16:52.424+0000] {dag.py:3055} INFO - Creating ORM DAG for edtech_analytics
[2025-12-29T01:16:52.436+0000] {logging_mixin.py:188} INFO - [2025-12-29T01:16:52.436+0000] {dag.py:3820} INFO - Setting next_dagrun for edtech_analytics to 2025-12-28T00:00:00+00:00, run_after=2025-12-29T00:00:00+00:00
[2025-12-29T01:16:52.460+0000] {processor.py:183} INFO - Processing /opt/airflow/dags/edtech_dag.py took 0.480 seconds
[2025-12-29T01:17:22.594+0000] {processor.py:161} INFO - Started process (PID=183) to work on /opt/airflow/dags/edtech_dag.py
[2025-12-29T01:17:22.595+0000] {processor.py:830} INFO - Processing file /opt/airflow/dags/edtech_dag.py for tasks to queue
[2025-12-29T01:17:22.596+0000] {logging_mixin.py:188} INFO - [2025-12-29T01:17:22.595+0000] {dagbag.py:538} INFO - Filling up the DagBag from /opt/airflow/dags/edtech_dag.py
[2025-12-29T01:17:22.606+0000] {processor.py:840} INFO - DAG(s) 'edtech_analytics' retrieved from /opt/airflow/dags/edtech_dag.py
[2025-12-29T01:17:22.629+0000] {logging_mixin.py:188} INFO - [2025-12-29T01:17:22.629+0000] {dag.py:3033} INFO - Sync 1 DAGs
[2025-12-29T01:17:22.646+0000] {logging_mixin.py:188} INFO - [2025-12-29T01:17:22.646+0000] {dag.py:3820} INFO - Setting next_dagrun for edtech_analytics to 2025-12-28T00:00:00+00:00, run_after=2025-12-29T00:00:00+00:00
[2025-12-29T01:17:22.662+0000] {processor.py:183} INFO - Processing /opt/airflow/dags/edtech_dag.py took 0.070 seconds
[2025-12-29T01:17:52.699+0000] {processor.py:161} INFO - Started process (PID=188) to work on /opt/airflow/dags/edtech_dag.py
[2025-12-29T01:17:52.699+0000] {processor.py:830} INFO - Processing file /opt/airflow/dags/edtech_dag.py for tasks to queue
[2025-12-29T01:17:52.700+0000] {logging_mixin.py:188} INFO - [2025-12-29T01:17:52.700+0000] {dagbag.py:538} INFO - Filling up the DagBag from /opt/airflow/dags/edtech_dag.py
[2025-12-29T01:17:52.711+0000] {processor.py:840} INFO - DAG(s) 'edtech_analytics' retrieved from /opt/airflow/dags/edtech_dag.py
[2025-12-29T01:17:52.731+0000] {logging_mixin.py:188} INFO - [2025-12-29T01:17:52.731+0000] {dag.py:3033} INFO - Sync 1 DAGs
[2025-12-29T01:17:52.749+0000] {logging_mixin.py:188} INFO - [2025-12-29T01:17:52.749+0000] {dag.py:3820} INFO - Setting next_dagrun for edtech_analytics to 2025-12-28T00:00:00+00:00, run_after=2025-12-29T00:00:00+00:00
[2025-12-29T01:17:52.764+0000] {processor.py:183} INFO - Processing /opt/airflow/dags/edtech_dag.py took 0.068 seconds
[2025-12-29T01:18:22.868+0000] {processor.py:161} INFO - Started process (PID=193) to work on /opt/airflow/dags/edtech_dag.py
[2025-12-29T01:18:22.869+0000] {processor.py:830} INFO - Processing file /opt/airflow/dags/edtech_dag.py for tasks to queue
[2025-12-29T01:18:22.869+0000] {logging_mixin.py:188} INFO - [2025-12-29T01:18:22.869+0000] {dagbag.py:538} INFO - Filling up the DagBag from /opt/airflow/dags/edtech_dag.py
[2025-12-29T01:18:22.880+0000] {processor.py:840} INFO - DAG(s) 'edtech_analytics' retrieved from /opt/airflow/dags/edtech_dag.py
[2025-12-29T01:18:22.899+0000] {logging_mixin.py:188} INFO - [2025-12-29T01:18:22.899+0000] {dag.py:3033} INFO - Sync 1 DAGs
[2025-12-29T01:18:22.920+0000] {logging_mixin.py:188} INFO - [2025-12-29T01:18:22.920+0000] {dag.py:3820} INFO - Setting next_dagrun for edtech_analytics to 2025-12-28T00:00:00+00:00, run_after=2025-12-29T00:00:00+00:00
[2025-12-29T01:18:22.934+0000] {processor.py:183} INFO - Processing /opt/airflow/dags/edtech_dag.py took 0.069 seconds
[2025-12-29T01:18:52.987+0000] {processor.py:161} INFO - Started process (PID=198) to work on /opt/airflow/dags/edtech_dag.py
[2025-12-29T01:18:52.988+0000] {processor.py:830} INFO - Processing file /opt/airflow/dags/edtech_dag.py for tasks to queue
[2025-12-29T01:18:52.989+0000] {logging_mixin.py:188} INFO - [2025-12-29T01:18:52.988+0000] {dagbag.py:538} INFO - Filling up the DagBag from /opt/airflow/dags/edtech_dag.py
[2025-12-29T01:18:52.999+0000] {processor.py:840} INFO - DAG(s) 'edtech_analytics' retrieved from /opt/airflow/dags/edtech_dag.py
[2025-12-29T01:18:53.020+0000] {logging_mixin.py:188} INFO - [2025-12-29T01:18:53.020+0000] {dag.py:3033} INFO - Sync 1 DAGs
[2025-12-29T01:18:53.038+0000] {logging_mixin.py:188} INFO - [2025-12-29T01:18:53.037+0000] {dag.py:3820} INFO - Setting next_dagrun for edtech_analytics to 2025-12-28T00:00:00+00:00, run_after=2025-12-29T00:00:00+00:00
[2025-12-29T01:18:53.051+0000] {processor.py:183} INFO - Processing /opt/airflow/dags/edtech_dag.py took 0.066 seconds
[2025-12-29T01:19:23.158+0000] {processor.py:161} INFO - Started process (PID=203) to work on /opt/airflow/dags/edtech_dag.py
[2025-12-29T01:19:23.159+0000] {processor.py:830} INFO - Processing file /opt/airflow/dags/edtech_dag.py for tasks to queue
[2025-12-29T01:19:23.160+0000] {logging_mixin.py:188} INFO - [2025-12-29T01:19:23.159+0000] {dagbag.py:538} INFO - Filling up the DagBag from /opt/airflow/dags/edtech_dag.py
[2025-12-29T01:19:23.169+0000] {processor.py:840} INFO - DAG(s) 'edtech_analytics' retrieved from /opt/airflow/dags/edtech_dag.py
[2025-12-29T01:19:23.189+0000] {logging_mixin.py:188} INFO - [2025-12-29T01:19:23.189+0000] {dag.py:3033} INFO - Sync 1 DAGs
[2025-12-29T01:19:23.207+0000] {logging_mixin.py:188} INFO - [2025-12-29T01:19:23.207+0000] {dag.py:3820} INFO - Setting next_dagrun for edtech_analytics to 2025-12-28T00:00:00+00:00, run_after=2025-12-29T00:00:00+00:00
[2025-12-29T01:19:23.221+0000] {processor.py:183} INFO - Processing /opt/airflow/dags/edtech_dag.py took 0.065 seconds
[2025-12-29T01:19:53.272+0000] {processor.py:161} INFO - Started process (PID=208) to work on /opt/airflow/dags/edtech_dag.py
[2025-12-29T01:19:53.272+0000] {processor.py:830} INFO - Processing file /opt/airflow/dags/edtech_dag.py for tasks to queue
[2025-12-29T01:19:53.273+0000] {logging_mixin.py:188} INFO - [2025-12-29T01:19:53.273+0000] {dagbag.py:538} INFO - Filling up the DagBag from /opt/airflow/dags/edtech_dag.py
[2025-12-29T01:19:53.283+0000] {processor.py:840} INFO - DAG(s) 'edtech_analytics' retrieved from /opt/airflow/dags/edtech_dag.py
[2025-12-29T01:19:53.303+0000] {logging_mixin.py:188} INFO - [2025-12-29T01:19:53.303+0000] {dag.py:3033} INFO - Sync 1 DAGs
[2025-12-29T01:19:53.321+0000] {logging_mixin.py:188} INFO - [2025-12-29T01:19:53.321+0000] {dag.py:3820} INFO - Setting next_dagrun for edtech_analytics to 2025-12-28T00:00:00+00:00, run_after=2025-12-29T00:00:00+00:00
[2025-12-29T01:19:53.334+0000] {processor.py:183} INFO - Processing /opt/airflow/dags/edtech_dag.py took 0.065 seconds
[2025-12-29T01:20:23.432+0000] {processor.py:161} INFO - Started process (PID=213) to work on /opt/airflow/dags/edtech_dag.py
[2025-12-29T01:20:23.433+0000] {processor.py:830} INFO - Processing file /opt/airflow/dags/edtech_dag.py for tasks to queue
[2025-12-29T01:20:23.433+0000] {logging_mixin.py:188} INFO - [2025-12-29T01:20:23.433+0000] {dagbag.py:538} INFO - Filling up the DagBag from /opt/airflow/dags/edtech_dag.py
[2025-12-29T01:20:23.443+0000] {processor.py:840} INFO - DAG(s) 'edtech_analytics' retrieved from /opt/airflow/dags/edtech_dag.py
[2025-12-29T01:20:23.464+0000] {logging_mixin.py:188} INFO - [2025-12-29T01:20:23.464+0000] {dag.py:3033} INFO - Sync 1 DAGs
[2025-12-29T01:20:23.481+0000] {logging_mixin.py:188} INFO - [2025-12-29T01:20:23.481+0000] {dag.py:3820} INFO - Setting next_dagrun for edtech_analytics to 2025-12-28T00:00:00+00:00, run_after=2025-12-29T00:00:00+00:00
[2025-12-29T01:20:23.494+0000] {processor.py:183} INFO - Processing /opt/airflow/dags/edtech_dag.py took 0.065 seconds
[2025-12-29T01:20:53.546+0000] {processor.py:161} INFO - Started process (PID=218) to work on /opt/airflow/dags/edtech_dag.py
[2025-12-29T01:20:53.546+0000] {processor.py:830} INFO - Processing file /opt/airflow/dags/edtech_dag.py for tasks to queue
[2025-12-29T01:20:53.547+0000] {logging_mixin.py:188} INFO - [2025-12-29T01:20:53.547+0000] {dagbag.py:538} INFO - Filling up the DagBag from /opt/airflow/dags/edtech_dag.py
[2025-12-29T01:20:53.557+0000] {processor.py:840} INFO - DAG(s) 'edtech_analytics' retrieved from /opt/airflow/dags/edtech_dag.py
[2025-12-29T01:20:53.578+0000] {logging_mixin.py:188} INFO - [2025-12-29T01:20:53.578+0000] {dag.py:3033} INFO - Sync 1 DAGs
[2025-12-29T01:20:53.595+0000] {logging_mixin.py:188} INFO - [2025-12-29T01:20:53.595+0000] {dag.py:3820} INFO - Setting next_dagrun for edtech_analytics to 2025-12-28T00:00:00+00:00, run_after=2025-12-29T00:00:00+00:00
[2025-12-29T01:20:53.609+0000] {processor.py:183} INFO - Processing /opt/airflow/dags/edtech_dag.py took 0.066 seconds
[2025-12-29T01:21:23.701+0000] {processor.py:161} INFO - Started process (PID=223) to work on /opt/airflow/dags/edtech_dag.py
[2025-12-29T01:21:23.701+0000] {processor.py:830} INFO - Processing file /opt/airflow/dags/edtech_dag.py for tasks to queue
[2025-12-29T01:21:23.702+0000] {logging_mixin.py:188} INFO - [2025-12-29T01:21:23.702+0000] {dagbag.py:538} INFO - Filling up the DagBag from /opt/airflow/dags/edtech_dag.py
[2025-12-29T01:21:23.712+0000] {processor.py:840} INFO - DAG(s) 'edtech_analytics' retrieved from /opt/airflow/dags/edtech_dag.py
[2025-12-29T01:21:23.732+0000] {logging_mixin.py:188} INFO - [2025-12-29T01:21:23.732+0000] {dag.py:3033} INFO - Sync 1 DAGs
[2025-12-29T01:21:23.750+0000] {logging_mixin.py:188} INFO - [2025-12-29T01:21:23.750+0000] {dag.py:3820} INFO - Setting next_dagrun for edtech_analytics to 2025-12-28T00:00:00+00:00, run_after=2025-12-29T00:00:00+00:00
[2025-12-29T01:21:23.763+0000] {processor.py:183} INFO - Processing /opt/airflow/dags/edtech_dag.py took 0.066 seconds
[2025-12-29T01:22:45.436+0000] {processor.py:161} INFO - Started process (PID=178) to work on /opt/airflow/dags/edtech_dag.py
[2025-12-29T01:22:45.436+0000] {processor.py:830} INFO - Processing file /opt/airflow/dags/edtech_dag.py for tasks to queue
[2025-12-29T01:22:45.439+0000] {logging_mixin.py:188} INFO - [2025-12-29T01:22:45.439+0000] {dagbag.py:538} INFO - Filling up the DagBag from /opt/airflow/dags/edtech_dag.py
[2025-12-29T01:22:45.488+0000] {processor.py:840} INFO - DAG(s) 'edtech_analytics' retrieved from /opt/airflow/dags/edtech_dag.py
[2025-12-29T01:22:45.534+0000] {logging_mixin.py:188} INFO - [2025-12-29T01:22:45.534+0000] {dag.py:3033} INFO - Sync 1 DAGs
[2025-12-29T01:22:45.562+0000] {logging_mixin.py:188} INFO - [2025-12-29T01:22:45.562+0000] {dag.py:3820} INFO - Setting next_dagrun for edtech_analytics to 2025-12-28T00:00:00+00:00, run_after=2025-12-29T00:00:00+00:00
[2025-12-29T01:22:45.582+0000] {processor.py:183} INFO - Processing /opt/airflow/dags/edtech_dag.py took 0.158 seconds
[2025-12-29T01:23:15.704+0000] {processor.py:161} INFO - Started process (PID=184) to work on /opt/airflow/dags/edtech_dag.py
[2025-12-29T01:23:15.705+0000] {processor.py:830} INFO - Processing file /opt/airflow/dags/edtech_dag.py for tasks to queue
[2025-12-29T01:23:15.706+0000] {logging_mixin.py:188} INFO - [2025-12-29T01:23:15.705+0000] {dagbag.py:538} INFO - Filling up the DagBag from /opt/airflow/dags/edtech_dag.py
[2025-12-29T01:23:15.719+0000] {processor.py:840} INFO - DAG(s) 'edtech_analytics' retrieved from /opt/airflow/dags/edtech_dag.py
[2025-12-29T01:23:15.933+0000] {logging_mixin.py:188} INFO - [2025-12-29T01:23:15.933+0000] {dag.py:3033} INFO - Sync 1 DAGs
[2025-12-29T01:23:15.949+0000] {logging_mixin.py:188} INFO - [2025-12-29T01:23:15.949+0000] {dag.py:3820} INFO - Setting next_dagrun for edtech_analytics to 2025-12-28T00:00:00+00:00, run_after=2025-12-29T00:00:00+00:00
[2025-12-29T01:23:15.963+0000] {processor.py:183} INFO - Processing /opt/airflow/dags/edtech_dag.py took 0.262 seconds
[2025-12-29T01:23:46.076+0000] {processor.py:161} INFO - Started process (PID=189) to work on /opt/airflow/dags/edtech_dag.py
[2025-12-29T01:23:46.076+0000] {processor.py:830} INFO - Processing file /opt/airflow/dags/edtech_dag.py for tasks to queue
[2025-12-29T01:23:46.077+0000] {logging_mixin.py:188} INFO - [2025-12-29T01:23:46.077+0000] {dagbag.py:538} INFO - Filling up the DagBag from /opt/airflow/dags/edtech_dag.py
[2025-12-29T01:23:46.087+0000] {processor.py:840} INFO - DAG(s) 'edtech_analytics' retrieved from /opt/airflow/dags/edtech_dag.py
[2025-12-29T01:23:46.108+0000] {logging_mixin.py:188} INFO - [2025-12-29T01:23:46.108+0000] {dag.py:3033} INFO - Sync 1 DAGs
[2025-12-29T01:23:46.127+0000] {logging_mixin.py:188} INFO - [2025-12-29T01:23:46.127+0000] {dag.py:3820} INFO - Setting next_dagrun for edtech_analytics to 2025-12-28T00:00:00+00:00, run_after=2025-12-29T00:00:00+00:00
[2025-12-29T01:23:46.140+0000] {processor.py:183} INFO - Processing /opt/airflow/dags/edtech_dag.py took 0.068 seconds
[2025-12-29T01:24:16.185+0000] {processor.py:161} INFO - Started process (PID=194) to work on /opt/airflow/dags/edtech_dag.py
[2025-12-29T01:24:16.186+0000] {processor.py:830} INFO - Processing file /opt/airflow/dags/edtech_dag.py for tasks to queue
[2025-12-29T01:24:16.187+0000] {logging_mixin.py:188} INFO - [2025-12-29T01:24:16.186+0000] {dagbag.py:538} INFO - Filling up the DagBag from /opt/airflow/dags/edtech_dag.py
[2025-12-29T01:24:16.197+0000] {processor.py:840} INFO - DAG(s) 'edtech_analytics' retrieved from /opt/airflow/dags/edtech_dag.py
[2025-12-29T01:24:16.217+0000] {logging_mixin.py:188} INFO - [2025-12-29T01:24:16.217+0000] {dag.py:3033} INFO - Sync 1 DAGs
[2025-12-29T01:24:16.236+0000] {logging_mixin.py:188} INFO - [2025-12-29T01:24:16.236+0000] {dag.py:3820} INFO - Setting next_dagrun for edtech_analytics to 2025-12-28T00:00:00+00:00, run_after=2025-12-29T00:00:00+00:00
[2025-12-29T01:24:16.249+0000] {processor.py:183} INFO - Processing /opt/airflow/dags/edtech_dag.py took 0.066 seconds
[2025-12-29T01:24:46.350+0000] {processor.py:161} INFO - Started process (PID=199) to work on /opt/airflow/dags/edtech_dag.py
[2025-12-29T01:24:46.351+0000] {processor.py:830} INFO - Processing file /opt/airflow/dags/edtech_dag.py for tasks to queue
[2025-12-29T01:24:46.351+0000] {logging_mixin.py:188} INFO - [2025-12-29T01:24:46.351+0000] {dagbag.py:538} INFO - Filling up the DagBag from /opt/airflow/dags/edtech_dag.py
[2025-12-29T01:24:46.361+0000] {processor.py:840} INFO - DAG(s) 'edtech_analytics' retrieved from /opt/airflow/dags/edtech_dag.py
[2025-12-29T01:24:46.381+0000] {logging_mixin.py:188} INFO - [2025-12-29T01:24:46.381+0000] {dag.py:3033} INFO - Sync 1 DAGs
[2025-12-29T01:24:46.399+0000] {logging_mixin.py:188} INFO - [2025-12-29T01:24:46.399+0000] {dag.py:3820} INFO - Setting next_dagrun for edtech_analytics to 2025-12-28T00:00:00+00:00, run_after=2025-12-29T00:00:00+00:00
[2025-12-29T01:24:46.412+0000] {processor.py:183} INFO - Processing /opt/airflow/dags/edtech_dag.py took 0.065 seconds
[2025-12-29T01:25:16.471+0000] {processor.py:161} INFO - Started process (PID=204) to work on /opt/airflow/dags/edtech_dag.py
[2025-12-29T01:25:16.471+0000] {processor.py:830} INFO - Processing file /opt/airflow/dags/edtech_dag.py for tasks to queue
[2025-12-29T01:25:16.472+0000] {logging_mixin.py:188} INFO - [2025-12-29T01:25:16.472+0000] {dagbag.py:538} INFO - Filling up the DagBag from /opt/airflow/dags/edtech_dag.py
[2025-12-29T01:25:16.482+0000] {processor.py:840} INFO - DAG(s) 'edtech_analytics' retrieved from /opt/airflow/dags/edtech_dag.py
[2025-12-29T01:25:16.505+0000] {logging_mixin.py:188} INFO - [2025-12-29T01:25:16.505+0000] {dag.py:3033} INFO - Sync 1 DAGs
[2025-12-29T01:25:16.524+0000] {logging_mixin.py:188} INFO - [2025-12-29T01:25:16.523+0000] {dag.py:3820} INFO - Setting next_dagrun for edtech_analytics to 2025-12-28T00:00:00+00:00, run_after=2025-12-29T00:00:00+00:00
[2025-12-29T01:25:16.537+0000] {processor.py:183} INFO - Processing /opt/airflow/dags/edtech_dag.py took 0.069 seconds
[2025-12-29T01:25:46.625+0000] {processor.py:161} INFO - Started process (PID=209) to work on /opt/airflow/dags/edtech_dag.py
[2025-12-29T01:25:46.626+0000] {processor.py:830} INFO - Processing file /opt/airflow/dags/edtech_dag.py for tasks to queue
[2025-12-29T01:25:46.627+0000] {logging_mixin.py:188} INFO - [2025-12-29T01:25:46.627+0000] {dagbag.py:538} INFO - Filling up the DagBag from /opt/airflow/dags/edtech_dag.py
[2025-12-29T01:25:46.641+0000] {processor.py:840} INFO - DAG(s) 'edtech_analytics' retrieved from /opt/airflow/dags/edtech_dag.py
[2025-12-29T01:25:46.665+0000] {logging_mixin.py:188} INFO - [2025-12-29T01:25:46.665+0000] {dag.py:3033} INFO - Sync 1 DAGs
[2025-12-29T01:25:46.682+0000] {logging_mixin.py:188} INFO - [2025-12-29T01:25:46.682+0000] {dag.py:3820} INFO - Setting next_dagrun for edtech_analytics to 2025-12-28T00:00:00+00:00, run_after=2025-12-29T00:00:00+00:00
[2025-12-29T01:25:46.697+0000] {processor.py:183} INFO - Processing /opt/airflow/dags/edtech_dag.py took 0.078 seconds
[2025-12-29T01:26:16.740+0000] {processor.py:161} INFO - Started process (PID=214) to work on /opt/airflow/dags/edtech_dag.py
[2025-12-29T01:26:16.740+0000] {processor.py:830} INFO - Processing file /opt/airflow/dags/edtech_dag.py for tasks to queue
[2025-12-29T01:26:16.741+0000] {logging_mixin.py:188} INFO - [2025-12-29T01:26:16.741+0000] {dagbag.py:538} INFO - Filling up the DagBag from /opt/airflow/dags/edtech_dag.py
[2025-12-29T01:26:16.751+0000] {processor.py:840} INFO - DAG(s) 'edtech_analytics' retrieved from /opt/airflow/dags/edtech_dag.py
[2025-12-29T01:26:16.772+0000] {logging_mixin.py:188} INFO - [2025-12-29T01:26:16.772+0000] {dag.py:3033} INFO - Sync 1 DAGs
[2025-12-29T01:26:16.790+0000] {logging_mixin.py:188} INFO - [2025-12-29T01:26:16.790+0000] {dag.py:3820} INFO - Setting next_dagrun for edtech_analytics to 2025-12-28T00:00:00+00:00, run_after=2025-12-29T00:00:00+00:00
[2025-12-29T01:26:16.802+0000] {processor.py:183} INFO - Processing /opt/airflow/dags/edtech_dag.py took 0.065 seconds
[2025-12-29T01:26:46.905+0000] {processor.py:161} INFO - Started process (PID=219) to work on /opt/airflow/dags/edtech_dag.py
[2025-12-29T01:26:46.905+0000] {processor.py:830} INFO - Processing file /opt/airflow/dags/edtech_dag.py for tasks to queue
[2025-12-29T01:26:46.906+0000] {logging_mixin.py:188} INFO - [2025-12-29T01:26:46.906+0000] {dagbag.py:538} INFO - Filling up the DagBag from /opt/airflow/dags/edtech_dag.py
[2025-12-29T01:26:46.921+0000] {processor.py:840} INFO - DAG(s) 'edtech_analytics' retrieved from /opt/airflow/dags/edtech_dag.py
[2025-12-29T01:26:46.959+0000] {logging_mixin.py:188} INFO - [2025-12-29T01:26:46.959+0000] {dag.py:3033} INFO - Sync 1 DAGs
[2025-12-29T01:26:46.988+0000] {logging_mixin.py:188} INFO - [2025-12-29T01:26:46.988+0000] {dag.py:3820} INFO - Setting next_dagrun for edtech_analytics to 2025-12-28T00:00:00+00:00, run_after=2025-12-29T00:00:00+00:00
[2025-12-29T01:26:47.002+0000] {processor.py:183} INFO - Processing /opt/airflow/dags/edtech_dag.py took 0.101 seconds
[2025-12-29T01:27:17.108+0000] {processor.py:161} INFO - Started process (PID=224) to work on /opt/airflow/dags/edtech_dag.py
[2025-12-29T01:27:17.109+0000] {processor.py:830} INFO - Processing file /opt/airflow/dags/edtech_dag.py for tasks to queue
[2025-12-29T01:27:17.109+0000] {logging_mixin.py:188} INFO - [2025-12-29T01:27:17.109+0000] {dagbag.py:538} INFO - Filling up the DagBag from /opt/airflow/dags/edtech_dag.py
[2025-12-29T01:27:17.121+0000] {processor.py:840} INFO - DAG(s) 'edtech_analytics' retrieved from /opt/airflow/dags/edtech_dag.py
[2025-12-29T01:27:17.147+0000] {logging_mixin.py:188} INFO - [2025-12-29T01:27:17.147+0000] {dag.py:3033} INFO - Sync 1 DAGs
[2025-12-29T01:27:17.167+0000] {logging_mixin.py:188} INFO - [2025-12-29T01:27:17.167+0000] {dag.py:3820} INFO - Setting next_dagrun for edtech_analytics to 2025-12-28T00:00:00+00:00, run_after=2025-12-29T00:00:00+00:00
[2025-12-29T01:27:17.181+0000] {processor.py:183} INFO - Processing /opt/airflow/dags/edtech_dag.py took 0.076 seconds
[2025-12-29T01:27:47.223+0000] {processor.py:161} INFO - Started process (PID=229) to work on /opt/airflow/dags/edtech_dag.py
[2025-12-29T01:27:47.224+0000] {processor.py:830} INFO - Processing file /opt/airflow/dags/edtech_dag.py for tasks to queue
[2025-12-29T01:27:47.224+0000] {logging_mixin.py:188} INFO - [2025-12-29T01:27:47.224+0000] {dagbag.py:538} INFO - Filling up the DagBag from /opt/airflow/dags/edtech_dag.py
[2025-12-29T01:27:47.235+0000] {processor.py:840} INFO - DAG(s) 'edtech_analytics' retrieved from /opt/airflow/dags/edtech_dag.py
[2025-12-29T01:27:47.256+0000] {logging_mixin.py:188} INFO - [2025-12-29T01:27:47.256+0000] {dag.py:3033} INFO - Sync 1 DAGs
[2025-12-29T01:27:47.275+0000] {logging_mixin.py:188} INFO - [2025-12-29T01:27:47.275+0000] {dag.py:3820} INFO - Setting next_dagrun for edtech_analytics to 2025-12-28T00:00:00+00:00, run_after=2025-12-29T00:00:00+00:00
[2025-12-29T01:27:47.289+0000] {processor.py:183} INFO - Processing /opt/airflow/dags/edtech_dag.py took 0.069 seconds
[2025-12-29T01:28:17.397+0000] {processor.py:161} INFO - Started process (PID=234) to work on /opt/airflow/dags/edtech_dag.py
[2025-12-29T01:28:17.398+0000] {processor.py:830} INFO - Processing file /opt/airflow/dags/edtech_dag.py for tasks to queue
[2025-12-29T01:28:17.398+0000] {logging_mixin.py:188} INFO - [2025-12-29T01:28:17.398+0000] {dagbag.py:538} INFO - Filling up the DagBag from /opt/airflow/dags/edtech_dag.py
[2025-12-29T01:28:17.409+0000] {processor.py:840} INFO - DAG(s) 'edtech_analytics' retrieved from /opt/airflow/dags/edtech_dag.py
[2025-12-29T01:28:17.428+0000] {logging_mixin.py:188} INFO - [2025-12-29T01:28:17.428+0000] {dag.py:3033} INFO - Sync 1 DAGs
[2025-12-29T01:28:17.446+0000] {logging_mixin.py:188} INFO - [2025-12-29T01:28:17.446+0000] {dag.py:3820} INFO - Setting next_dagrun for edtech_analytics to 2025-12-28T00:00:00+00:00, run_after=2025-12-29T00:00:00+00:00
[2025-12-29T01:28:17.459+0000] {processor.py:183} INFO - Processing /opt/airflow/dags/edtech_dag.py took 0.066 seconds
[2025-12-29T01:28:47.523+0000] {processor.py:161} INFO - Started process (PID=239) to work on /opt/airflow/dags/edtech_dag.py
[2025-12-29T01:28:47.523+0000] {processor.py:830} INFO - Processing file /opt/airflow/dags/edtech_dag.py for tasks to queue
[2025-12-29T01:28:47.524+0000] {logging_mixin.py:188} INFO - [2025-12-29T01:28:47.524+0000] {dagbag.py:538} INFO - Filling up the DagBag from /opt/airflow/dags/edtech_dag.py
[2025-12-29T01:28:47.538+0000] {processor.py:840} INFO - DAG(s) 'edtech_analytics' retrieved from /opt/airflow/dags/edtech_dag.py
[2025-12-29T01:28:47.559+0000] {logging_mixin.py:188} INFO - [2025-12-29T01:28:47.559+0000] {dag.py:3033} INFO - Sync 1 DAGs
[2025-12-29T01:28:47.576+0000] {logging_mixin.py:188} INFO - [2025-12-29T01:28:47.576+0000] {dag.py:3820} INFO - Setting next_dagrun for edtech_analytics to 2025-12-28T00:00:00+00:00, run_after=2025-12-29T00:00:00+00:00
[2025-12-29T01:28:47.589+0000] {processor.py:183} INFO - Processing /opt/airflow/dags/edtech_dag.py took 0.070 seconds
[2025-12-29T01:29:17.665+0000] {processor.py:161} INFO - Started process (PID=244) to work on /opt/airflow/dags/edtech_dag.py
[2025-12-29T01:29:17.665+0000] {processor.py:830} INFO - Processing file /opt/airflow/dags/edtech_dag.py for tasks to queue
[2025-12-29T01:29:17.666+0000] {logging_mixin.py:188} INFO - [2025-12-29T01:29:17.666+0000] {dagbag.py:538} INFO - Filling up the DagBag from /opt/airflow/dags/edtech_dag.py
[2025-12-29T01:29:17.677+0000] {processor.py:840} INFO - DAG(s) 'edtech_analytics' retrieved from /opt/airflow/dags/edtech_dag.py
[2025-12-29T01:29:17.696+0000] {logging_mixin.py:188} INFO - [2025-12-29T01:29:17.696+0000] {dag.py:3033} INFO - Sync 1 DAGs
[2025-12-29T01:29:17.713+0000] {logging_mixin.py:188} INFO - [2025-12-29T01:29:17.713+0000] {dag.py:3820} INFO - Setting next_dagrun for edtech_analytics to 2025-12-28T00:00:00+00:00, run_after=2025-12-29T00:00:00+00:00
[2025-12-29T01:29:17.727+0000] {processor.py:183} INFO - Processing /opt/airflow/dags/edtech_dag.py took 0.065 seconds
[2025-12-29T01:29:47.783+0000] {processor.py:161} INFO - Started process (PID=249) to work on /opt/airflow/dags/edtech_dag.py
[2025-12-29T01:29:47.784+0000] {processor.py:830} INFO - Processing file /opt/airflow/dags/edtech_dag.py for tasks to queue
[2025-12-29T01:29:47.784+0000] {logging_mixin.py:188} INFO - [2025-12-29T01:29:47.784+0000] {dagbag.py:538} INFO - Filling up the DagBag from /opt/airflow/dags/edtech_dag.py
[2025-12-29T01:29:47.794+0000] {processor.py:840} INFO - DAG(s) 'edtech_analytics' retrieved from /opt/airflow/dags/edtech_dag.py
[2025-12-29T01:29:47.816+0000] {logging_mixin.py:188} INFO - [2025-12-29T01:29:47.816+0000] {dag.py:3033} INFO - Sync 1 DAGs
[2025-12-29T01:29:47.834+0000] {logging_mixin.py:188} INFO - [2025-12-29T01:29:47.834+0000] {dag.py:3820} INFO - Setting next_dagrun for edtech_analytics to 2025-12-28T00:00:00+00:00, run_after=2025-12-29T00:00:00+00:00
[2025-12-29T01:29:47.847+0000] {processor.py:183} INFO - Processing /opt/airflow/dags/edtech_dag.py took 0.067 seconds
[2025-12-29T01:30:17.946+0000] {processor.py:161} INFO - Started process (PID=262) to work on /opt/airflow/dags/edtech_dag.py
[2025-12-29T01:30:17.947+0000] {processor.py:830} INFO - Processing file /opt/airflow/dags/edtech_dag.py for tasks to queue
[2025-12-29T01:30:17.947+0000] {logging_mixin.py:188} INFO - [2025-12-29T01:30:17.947+0000] {dagbag.py:538} INFO - Filling up the DagBag from /opt/airflow/dags/edtech_dag.py
[2025-12-29T01:30:17.957+0000] {processor.py:840} INFO - DAG(s) 'edtech_analytics' retrieved from /opt/airflow/dags/edtech_dag.py
[2025-12-29T01:30:17.978+0000] {logging_mixin.py:188} INFO - [2025-12-29T01:30:17.978+0000] {dag.py:3033} INFO - Sync 1 DAGs
[2025-12-29T01:30:17.996+0000] {logging_mixin.py:188} INFO - [2025-12-29T01:30:17.996+0000] {dag.py:3820} INFO - Setting next_dagrun for edtech_analytics to 2025-12-29T00:00:00+00:00, run_after=2025-12-30T00:00:00+00:00
[2025-12-29T01:30:18.009+0000] {processor.py:183} INFO - Processing /opt/airflow/dags/edtech_dag.py took 0.066 seconds
[2025-12-29T01:30:48.074+0000] {processor.py:161} INFO - Started process (PID=267) to work on /opt/airflow/dags/edtech_dag.py
[2025-12-29T01:30:48.075+0000] {processor.py:830} INFO - Processing file /opt/airflow/dags/edtech_dag.py for tasks to queue
[2025-12-29T01:30:48.075+0000] {logging_mixin.py:188} INFO - [2025-12-29T01:30:48.075+0000] {dagbag.py:538} INFO - Filling up the DagBag from /opt/airflow/dags/edtech_dag.py
[2025-12-29T01:30:48.087+0000] {processor.py:840} INFO - DAG(s) 'edtech_analytics' retrieved from /opt/airflow/dags/edtech_dag.py
[2025-12-29T01:30:48.108+0000] {logging_mixin.py:188} INFO - [2025-12-29T01:30:48.108+0000] {dag.py:3033} INFO - Sync 1 DAGs
[2025-12-29T01:30:48.126+0000] {logging_mixin.py:188} INFO - [2025-12-29T01:30:48.126+0000] {dag.py:3820} INFO - Setting next_dagrun for edtech_analytics to 2025-12-29T00:00:00+00:00, run_after=2025-12-30T00:00:00+00:00
[2025-12-29T01:30:48.139+0000] {processor.py:183} INFO - Processing /opt/airflow/dags/edtech_dag.py took 0.069 seconds
[2025-12-29T01:31:18.209+0000] {processor.py:161} INFO - Started process (PID=272) to work on /opt/airflow/dags/edtech_dag.py
[2025-12-29T01:31:18.209+0000] {processor.py:830} INFO - Processing file /opt/airflow/dags/edtech_dag.py for tasks to queue
[2025-12-29T01:31:18.210+0000] {logging_mixin.py:188} INFO - [2025-12-29T01:31:18.209+0000] {dagbag.py:538} INFO - Filling up the DagBag from /opt/airflow/dags/edtech_dag.py
[2025-12-29T01:31:18.220+0000] {processor.py:840} INFO - DAG(s) 'edtech_analytics' retrieved from /opt/airflow/dags/edtech_dag.py
[2025-12-29T01:31:18.241+0000] {logging_mixin.py:188} INFO - [2025-12-29T01:31:18.241+0000] {dag.py:3033} INFO - Sync 1 DAGs
[2025-12-29T01:31:18.259+0000] {logging_mixin.py:188} INFO - [2025-12-29T01:31:18.259+0000] {dag.py:3820} INFO - Setting next_dagrun for edtech_analytics to 2025-12-29T00:00:00+00:00, run_after=2025-12-30T00:00:00+00:00
[2025-12-29T01:31:18.272+0000] {processor.py:183} INFO - Processing /opt/airflow/dags/edtech_dag.py took 0.066 seconds
[2025-12-29T01:31:48.354+0000] {processor.py:161} INFO - Started process (PID=277) to work on /opt/airflow/dags/edtech_dag.py
[2025-12-29T01:31:48.355+0000] {processor.py:830} INFO - Processing file /opt/airflow/dags/edtech_dag.py for tasks to queue
[2025-12-29T01:31:48.356+0000] {logging_mixin.py:188} INFO - [2025-12-29T01:31:48.355+0000] {dagbag.py:538} INFO - Filling up the DagBag from /opt/airflow/dags/edtech_dag.py
[2025-12-29T01:31:48.366+0000] {processor.py:840} INFO - DAG(s) 'edtech_analytics' retrieved from /opt/airflow/dags/edtech_dag.py
[2025-12-29T01:31:48.386+0000] {logging_mixin.py:188} INFO - [2025-12-29T01:31:48.386+0000] {dag.py:3033} INFO - Sync 1 DAGs
[2025-12-29T01:31:48.404+0000] {logging_mixin.py:188} INFO - [2025-12-29T01:31:48.403+0000] {dag.py:3820} INFO - Setting next_dagrun for edtech_analytics to 2025-12-29T00:00:00+00:00, run_after=2025-12-30T00:00:00+00:00
[2025-12-29T01:31:48.442+0000] {processor.py:183} INFO - Processing /opt/airflow/dags/edtech_dag.py took 0.090 seconds
[2025-12-29T01:32:18.465+0000] {processor.py:161} INFO - Started process (PID=282) to work on /opt/airflow/dags/edtech_dag.py
[2025-12-29T01:32:18.465+0000] {processor.py:830} INFO - Processing file /opt/airflow/dags/edtech_dag.py for tasks to queue
[2025-12-29T01:32:18.466+0000] {logging_mixin.py:188} INFO - [2025-12-29T01:32:18.466+0000] {dagbag.py:538} INFO - Filling up the DagBag from /opt/airflow/dags/edtech_dag.py
[2025-12-29T01:32:18.476+0000] {processor.py:840} INFO - DAG(s) 'edtech_analytics' retrieved from /opt/airflow/dags/edtech_dag.py
[2025-12-29T01:32:18.497+0000] {logging_mixin.py:188} INFO - [2025-12-29T01:32:18.497+0000] {dag.py:3033} INFO - Sync 1 DAGs
[2025-12-29T01:32:18.515+0000] {logging_mixin.py:188} INFO - [2025-12-29T01:32:18.514+0000] {dag.py:3820} INFO - Setting next_dagrun for edtech_analytics to 2025-12-29T00:00:00+00:00, run_after=2025-12-30T00:00:00+00:00
[2025-12-29T01:32:18.528+0000] {processor.py:183} INFO - Processing /opt/airflow/dags/edtech_dag.py took 0.066 seconds
[2025-12-29T01:32:48.653+0000] {processor.py:161} INFO - Started process (PID=287) to work on /opt/airflow/dags/edtech_dag.py
[2025-12-29T01:32:48.653+0000] {processor.py:830} INFO - Processing file /opt/airflow/dags/edtech_dag.py for tasks to queue
[2025-12-29T01:32:48.654+0000] {logging_mixin.py:188} INFO - [2025-12-29T01:32:48.654+0000] {dagbag.py:538} INFO - Filling up the DagBag from /opt/airflow/dags/edtech_dag.py
[2025-12-29T01:32:48.664+0000] {processor.py:840} INFO - DAG(s) 'edtech_analytics' retrieved from /opt/airflow/dags/edtech_dag.py
[2025-12-29T01:32:48.684+0000] {logging_mixin.py:188} INFO - [2025-12-29T01:32:48.684+0000] {dag.py:3033} INFO - Sync 1 DAGs
[2025-12-29T01:32:48.702+0000] {logging_mixin.py:188} INFO - [2025-12-29T01:32:48.702+0000] {dag.py:3820} INFO - Setting next_dagrun for edtech_analytics to 2025-12-29T00:00:00+00:00, run_after=2025-12-30T00:00:00+00:00
[2025-12-29T01:32:48.717+0000] {processor.py:183} INFO - Processing /opt/airflow/dags/edtech_dag.py took 0.067 seconds
[2025-12-29T01:33:18.771+0000] {processor.py:161} INFO - Started process (PID=292) to work on /opt/airflow/dags/edtech_dag.py
[2025-12-29T01:33:18.772+0000] {processor.py:830} INFO - Processing file /opt/airflow/dags/edtech_dag.py for tasks to queue
[2025-12-29T01:33:18.773+0000] {logging_mixin.py:188} INFO - [2025-12-29T01:33:18.772+0000] {dagbag.py:538} INFO - Filling up the DagBag from /opt/airflow/dags/edtech_dag.py
[2025-12-29T01:33:18.783+0000] {processor.py:840} INFO - DAG(s) 'edtech_analytics' retrieved from /opt/airflow/dags/edtech_dag.py
[2025-12-29T01:33:18.805+0000] {logging_mixin.py:188} INFO - [2025-12-29T01:33:18.805+0000] {dag.py:3033} INFO - Sync 1 DAGs
[2025-12-29T01:33:18.823+0000] {logging_mixin.py:188} INFO - [2025-12-29T01:33:18.823+0000] {dag.py:3820} INFO - Setting next_dagrun for edtech_analytics to 2025-12-29T00:00:00+00:00, run_after=2025-12-30T00:00:00+00:00
[2025-12-29T01:33:18.836+0000] {processor.py:183} INFO - Processing /opt/airflow/dags/edtech_dag.py took 0.067 seconds
[2025-12-29T01:33:48.931+0000] {processor.py:161} INFO - Started process (PID=297) to work on /opt/airflow/dags/edtech_dag.py
[2025-12-29T01:33:48.932+0000] {processor.py:830} INFO - Processing file /opt/airflow/dags/edtech_dag.py for tasks to queue
[2025-12-29T01:33:48.932+0000] {logging_mixin.py:188} INFO - [2025-12-29T01:33:48.932+0000] {dagbag.py:538} INFO - Filling up the DagBag from /opt/airflow/dags/edtech_dag.py
[2025-12-29T01:33:48.942+0000] {processor.py:840} INFO - DAG(s) 'edtech_analytics' retrieved from /opt/airflow/dags/edtech_dag.py
[2025-12-29T01:33:48.962+0000] {logging_mixin.py:188} INFO - [2025-12-29T01:33:48.962+0000] {dag.py:3033} INFO - Sync 1 DAGs
[2025-12-29T01:33:48.990+0000] {logging_mixin.py:188} INFO - [2025-12-29T01:33:48.989+0000] {dag.py:3820} INFO - Setting next_dagrun for edtech_analytics to 2025-12-29T00:00:00+00:00, run_after=2025-12-30T00:00:00+00:00
[2025-12-29T01:33:49.041+0000] {processor.py:183} INFO - Processing /opt/airflow/dags/edtech_dag.py took 0.113 seconds
[2025-12-29T01:34:19.155+0000] {processor.py:161} INFO - Started process (PID=302) to work on /opt/airflow/dags/edtech_dag.py
[2025-12-29T01:34:19.156+0000] {processor.py:830} INFO - Processing file /opt/airflow/dags/edtech_dag.py for tasks to queue
[2025-12-29T01:34:19.157+0000] {logging_mixin.py:188} INFO - [2025-12-29T01:34:19.156+0000] {dagbag.py:538} INFO - Filling up the DagBag from /opt/airflow/dags/edtech_dag.py
[2025-12-29T01:34:19.167+0000] {processor.py:840} INFO - DAG(s) 'edtech_analytics' retrieved from /opt/airflow/dags/edtech_dag.py
[2025-12-29T01:34:19.188+0000] {logging_mixin.py:188} INFO - [2025-12-29T01:34:19.188+0000] {dag.py:3033} INFO - Sync 1 DAGs
[2025-12-29T01:34:19.206+0000] {logging_mixin.py:188} INFO - [2025-12-29T01:34:19.206+0000] {dag.py:3820} INFO - Setting next_dagrun for edtech_analytics to 2025-12-29T00:00:00+00:00, run_after=2025-12-30T00:00:00+00:00
[2025-12-29T01:34:19.220+0000] {processor.py:183} INFO - Processing /opt/airflow/dags/edtech_dag.py took 0.067 seconds
[2025-12-29T01:34:49.299+0000] {processor.py:161} INFO - Started process (PID=307) to work on /opt/airflow/dags/edtech_dag.py
[2025-12-29T01:34:49.300+0000] {processor.py:830} INFO - Processing file /opt/airflow/dags/edtech_dag.py for tasks to queue
[2025-12-29T01:34:49.301+0000] {logging_mixin.py:188} INFO - [2025-12-29T01:34:49.301+0000] {dagbag.py:538} INFO - Filling up the DagBag from /opt/airflow/dags/edtech_dag.py
[2025-12-29T01:34:49.350+0000] {processor.py:840} INFO - DAG(s) 'edtech_analytics' retrieved from /opt/airflow/dags/edtech_dag.py
[2025-12-29T01:34:49.398+0000] {logging_mixin.py:188} INFO - [2025-12-29T01:34:49.398+0000] {dag.py:3033} INFO - Sync 1 DAGs
[2025-12-29T01:34:49.427+0000] {logging_mixin.py:188} INFO - [2025-12-29T01:34:49.427+0000] {dag.py:3820} INFO - Setting next_dagrun for edtech_analytics to 2025-12-29T00:00:00+00:00, run_after=2025-12-30T00:00:00+00:00
[2025-12-29T01:34:49.440+0000] {processor.py:183} INFO - Processing /opt/airflow/dags/edtech_dag.py took 0.148 seconds
[2025-12-29T01:35:19.550+0000] {processor.py:161} INFO - Started process (PID=312) to work on /opt/airflow/dags/edtech_dag.py
[2025-12-29T01:35:19.551+0000] {processor.py:830} INFO - Processing file /opt/airflow/dags/edtech_dag.py for tasks to queue
[2025-12-29T01:35:19.551+0000] {logging_mixin.py:188} INFO - [2025-12-29T01:35:19.551+0000] {dagbag.py:538} INFO - Filling up the DagBag from /opt/airflow/dags/edtech_dag.py
[2025-12-29T01:35:19.561+0000] {processor.py:840} INFO - DAG(s) 'edtech_analytics' retrieved from /opt/airflow/dags/edtech_dag.py
[2025-12-29T01:35:19.582+0000] {logging_mixin.py:188} INFO - [2025-12-29T01:35:19.582+0000] {dag.py:3033} INFO - Sync 1 DAGs
[2025-12-29T01:35:19.603+0000] {logging_mixin.py:188} INFO - [2025-12-29T01:35:19.602+0000] {dag.py:3820} INFO - Setting next_dagrun for edtech_analytics to 2025-12-29T00:00:00+00:00, run_after=2025-12-30T00:00:00+00:00
[2025-12-29T01:35:19.618+0000] {processor.py:183} INFO - Processing /opt/airflow/dags/edtech_dag.py took 0.072 seconds
