[2025-12-29T01:16:51.885+0000] {manager.py:469} INFO - Processing files using up to 2 processes at a time 
[2025-12-29T01:16:51.886+0000] {manager.py:470} INFO - Process each file at most once every 30 seconds
[2025-12-29T01:16:51.886+0000] {manager.py:471} INFO - Checking for new files in /opt/airflow/dags every 300 seconds
[2025-12-29T01:16:51.886+0000] {manager.py:738} INFO - Searching for files in /opt/airflow/dags
[2025-12-29T01:16:51.888+0000] {manager.py:741} INFO - There are 1 files in /opt/airflow/dags
[2025-12-29T01:16:52.005+0000] {manager.py:879} INFO - 
================================================================================
DAG File Processing Stats

File Path                          PID  Runtime      # DAGs    # Errors  Last Runtime    Last Run
-------------------------------  -----  ---------  --------  ----------  --------------  ----------
/opt/airflow/dags/edtech_dag.py    178  0.04s             0           0
================================================================================
[2025-12-29T01:17:22.130+0000] {manager.py:879} INFO - 
================================================================================
DAG File Processing Stats

File Path                        PID    Runtime      # DAGs    # Errors  Last Runtime    Last Run
-------------------------------  -----  ---------  --------  ----------  --------------  -------------------
/opt/airflow/dags/edtech_dag.py                           1           0  0.51s           2025-12-29T01:16:52
================================================================================
[2025-12-29T01:17:52.693+0000] {manager.py:879} INFO - 
================================================================================
DAG File Processing Stats

File Path                          PID  Runtime      # DAGs    # Errors  Last Runtime    Last Run
-------------------------------  -----  ---------  --------  ----------  --------------  -------------------
/opt/airflow/dags/edtech_dag.py    188  0.00s             1           0  0.08s           2025-12-29T01:17:22
================================================================================
[2025-12-29T01:18:22.862+0000] {manager.py:879} INFO - 
================================================================================
DAG File Processing Stats

File Path                          PID  Runtime      # DAGs    # Errors  Last Runtime    Last Run
-------------------------------  -----  ---------  --------  ----------  --------------  -------------------
/opt/airflow/dags/edtech_dag.py    193  0.00s             1           0  0.08s           2025-12-29T01:17:52
================================================================================
[2025-12-29T01:18:52.982+0000] {manager.py:879} INFO - 
================================================================================
DAG File Processing Stats

File Path                          PID  Runtime      # DAGs    # Errors  Last Runtime    Last Run
-------------------------------  -----  ---------  --------  ----------  --------------  -------------------
/opt/airflow/dags/edtech_dag.py    198  0.00s             1           0  0.08s           2025-12-29T01:18:22
================================================================================
[2025-12-29T01:19:23.151+0000] {manager.py:879} INFO - 
================================================================================
DAG File Processing Stats

File Path                          PID  Runtime      # DAGs    # Errors  Last Runtime    Last Run
-------------------------------  -----  ---------  --------  ----------  --------------  -------------------
/opt/airflow/dags/edtech_dag.py    203  0.01s             1           0  0.08s           2025-12-29T01:18:53
================================================================================
[2025-12-29T01:19:53.266+0000] {manager.py:879} INFO - 
================================================================================
DAG File Processing Stats

File Path                          PID  Runtime      # DAGs    # Errors  Last Runtime    Last Run
-------------------------------  -----  ---------  --------  ----------  --------------  -------------------
/opt/airflow/dags/edtech_dag.py    208  0.00s             1           0  0.09s           2025-12-29T01:19:23
================================================================================
[2025-12-29T01:20:23.425+0000] {manager.py:879} INFO - 
================================================================================
DAG File Processing Stats

File Path                          PID  Runtime      # DAGs    # Errors  Last Runtime    Last Run
-------------------------------  -----  ---------  --------  ----------  --------------  -------------------
/opt/airflow/dags/edtech_dag.py    213  0.01s             1           0  0.08s           2025-12-29T01:19:53
================================================================================
[2025-12-29T01:20:53.540+0000] {manager.py:879} INFO - 
================================================================================
DAG File Processing Stats

File Path                          PID  Runtime      # DAGs    # Errors  Last Runtime    Last Run
-------------------------------  -----  ---------  --------  ----------  --------------  -------------------
/opt/airflow/dags/edtech_dag.py    218  0.00s             1           0  0.08s           2025-12-29T01:20:23
================================================================================
[2025-12-29T01:21:23.694+0000] {manager.py:879} INFO - 
================================================================================
DAG File Processing Stats

File Path                          PID  Runtime      # DAGs    # Errors  Last Runtime    Last Run
-------------------------------  -----  ---------  --------  ----------  --------------  -------------------
/opt/airflow/dags/edtech_dag.py    223  0.00s             1           0  0.08s           2025-12-29T01:20:53
================================================================================
[2025-12-29T01:21:48.393+0000] {manager.py:451} INFO - Exiting gracefully upon receiving signal 15
[2025-12-29T01:22:45.346+0000] {manager.py:469} INFO - Processing files using up to 2 processes at a time 
[2025-12-29T01:22:45.348+0000] {manager.py:470} INFO - Process each file at most once every 30 seconds
[2025-12-29T01:22:45.351+0000] {manager.py:471} INFO - Checking for new files in /opt/airflow/dags every 300 seconds
[2025-12-29T01:22:45.353+0000] {manager.py:738} INFO - Searching for files in /opt/airflow/dags
[2025-12-29T01:22:45.361+0000] {manager.py:741} INFO - There are 1 files in /opt/airflow/dags
[2025-12-29T01:22:45.479+0000] {manager.py:879} INFO - 
================================================================================
DAG File Processing Stats

File Path                          PID  Runtime      # DAGs    # Errors  Last Runtime    Last Run
-------------------------------  -----  ---------  --------  ----------  --------------  ----------
/opt/airflow/dags/edtech_dag.py    178  0.06s             0           0
================================================================================
[2025-12-29T01:23:15.590+0000] {manager.py:879} INFO - 
================================================================================
DAG File Processing Stats

File Path                        PID    Runtime      # DAGs    # Errors  Last Runtime    Last Run
-------------------------------  -----  ---------  --------  ----------  --------------  -------------------
/opt/airflow/dags/edtech_dag.py                           1           0  0.18s           2025-12-29T01:22:45
================================================================================
[2025-12-29T01:23:45.795+0000] {manager.py:879} INFO - 
================================================================================
DAG File Processing Stats

File Path                        PID    Runtime      # DAGs    # Errors  Last Runtime    Last Run
-------------------------------  -----  ---------  --------  ----------  --------------  -------------------
/opt/airflow/dags/edtech_dag.py                           1           0  0.28s           2025-12-29T01:23:15
================================================================================
[2025-12-29T01:24:16.180+0000] {manager.py:879} INFO - 
================================================================================
DAG File Processing Stats

File Path                          PID  Runtime      # DAGs    # Errors  Last Runtime    Last Run
-------------------------------  -----  ---------  --------  ----------  --------------  -------------------
/opt/airflow/dags/edtech_dag.py    194  0.00s             1           0  0.08s           2025-12-29T01:23:46
================================================================================
[2025-12-29T01:24:46.344+0000] {manager.py:879} INFO - 
================================================================================
DAG File Processing Stats

File Path                          PID  Runtime      # DAGs    # Errors  Last Runtime    Last Run
-------------------------------  -----  ---------  --------  ----------  --------------  -------------------
/opt/airflow/dags/edtech_dag.py    199  0.00s             1           0  0.08s           2025-12-29T01:24:16
================================================================================
[2025-12-29T01:25:16.465+0000] {manager.py:879} INFO - 
================================================================================
DAG File Processing Stats

File Path                          PID  Runtime      # DAGs    # Errors  Last Runtime    Last Run
-------------------------------  -----  ---------  --------  ----------  --------------  -------------------
/opt/airflow/dags/edtech_dag.py    204  0.01s             1           0  0.08s           2025-12-29T01:24:46
================================================================================
[2025-12-29T01:25:46.615+0000] {manager.py:879} INFO - 
================================================================================
DAG File Processing Stats

File Path                          PID  Runtime      # DAGs    # Errors  Last Runtime    Last Run
-------------------------------  -----  ---------  --------  ----------  --------------  -------------------
/opt/airflow/dags/edtech_dag.py    209  0.00s             1           0  0.09s           2025-12-29T01:25:16
================================================================================
[2025-12-29T01:26:16.735+0000] {manager.py:879} INFO - 
================================================================================
DAG File Processing Stats

File Path                          PID  Runtime      # DAGs    # Errors  Last Runtime    Last Run
-------------------------------  -----  ---------  --------  ----------  --------------  -------------------
/opt/airflow/dags/edtech_dag.py    214  0.00s             1           0  0.10s           2025-12-29T01:25:46
================================================================================
[2025-12-29T01:26:46.898+0000] {manager.py:879} INFO - 
================================================================================
DAG File Processing Stats

File Path                          PID  Runtime      # DAGs    # Errors  Last Runtime    Last Run
-------------------------------  -----  ---------  --------  ----------  --------------  -------------------
/opt/airflow/dags/edtech_dag.py    219  0.00s             1           0  0.08s           2025-12-29T01:26:16
================================================================================
[2025-12-29T01:27:17.005+0000] {manager.py:879} INFO - 
================================================================================
DAG File Processing Stats

File Path                        PID    Runtime      # DAGs    # Errors  Last Runtime    Last Run
-------------------------------  -----  ---------  --------  ----------  --------------  -------------------
/opt/airflow/dags/edtech_dag.py                           1           0  0.12s           2025-12-29T01:26:47
================================================================================
[2025-12-29T01:27:46.199+0000] {manager.py:738} INFO - Searching for files in /opt/airflow/dags
[2025-12-29T01:27:46.201+0000] {manager.py:741} INFO - There are 1 files in /opt/airflow/dags
[2025-12-29T01:27:47.218+0000] {manager.py:879} INFO - 
================================================================================
DAG File Processing Stats

File Path                          PID  Runtime      # DAGs    # Errors  Last Runtime    Last Run
-------------------------------  -----  ---------  --------  ----------  --------------  -------------------
/opt/airflow/dags/edtech_dag.py    229  0.00s             1           0  0.09s           2025-12-29T01:27:17
================================================================================
[2025-12-29T01:28:17.392+0000] {manager.py:879} INFO - 
================================================================================
DAG File Processing Stats

File Path                          PID  Runtime      # DAGs    # Errors  Last Runtime    Last Run
-------------------------------  -----  ---------  --------  ----------  --------------  -------------------
/opt/airflow/dags/edtech_dag.py    234  0.01s             1           0  0.09s           2025-12-29T01:27:47
================================================================================
[2025-12-29T01:28:47.514+0000] {manager.py:879} INFO - 
================================================================================
DAG File Processing Stats

File Path                          PID  Runtime      # DAGs    # Errors  Last Runtime    Last Run
-------------------------------  -----  ---------  --------  ----------  --------------  -------------------
/opt/airflow/dags/edtech_dag.py    239  0.01s             1           0  0.08s           2025-12-29T01:28:17
================================================================================
[2025-12-29T01:29:17.659+0000] {manager.py:879} INFO - 
================================================================================
DAG File Processing Stats

File Path                          PID  Runtime      # DAGs    # Errors  Last Runtime    Last Run
-------------------------------  -----  ---------  --------  ----------  --------------  -------------------
/opt/airflow/dags/edtech_dag.py    244  0.00s             1           0  0.09s           2025-12-29T01:28:47
================================================================================
[2025-12-29T01:29:47.778+0000] {manager.py:879} INFO - 
================================================================================
DAG File Processing Stats

File Path                          PID  Runtime      # DAGs    # Errors  Last Runtime    Last Run
-------------------------------  -----  ---------  --------  ----------  --------------  -------------------
/opt/airflow/dags/edtech_dag.py    249  0.00s             1           0  0.08s           2025-12-29T01:29:17
================================================================================
[2025-12-29T01:30:17.940+0000] {manager.py:879} INFO - 
================================================================================
DAG File Processing Stats

File Path                          PID  Runtime      # DAGs    # Errors  Last Runtime    Last Run
-------------------------------  -----  ---------  --------  ----------  --------------  -------------------
/opt/airflow/dags/edtech_dag.py    262  0.00s             1           0  0.08s           2025-12-29T01:29:47
================================================================================
[2025-12-29T01:30:48.065+0000] {manager.py:879} INFO - 
================================================================================
DAG File Processing Stats

File Path                          PID  Runtime      # DAGs    # Errors  Last Runtime    Last Run
-------------------------------  -----  ---------  --------  ----------  --------------  -------------------
/opt/airflow/dags/edtech_dag.py    267  0.01s             1           0  0.08s           2025-12-29T01:30:18
================================================================================
[2025-12-29T01:31:18.203+0000] {manager.py:879} INFO - 
================================================================================
DAG File Processing Stats

File Path                          PID  Runtime      # DAGs    # Errors  Last Runtime    Last Run
-------------------------------  -----  ---------  --------  ----------  --------------  -------------------
/opt/airflow/dags/edtech_dag.py    272  0.00s             1           0  0.09s           2025-12-29T01:30:48
================================================================================
[2025-12-29T01:31:48.348+0000] {manager.py:879} INFO - 
================================================================================
DAG File Processing Stats

File Path                          PID  Runtime      # DAGs    # Errors  Last Runtime    Last Run
-------------------------------  -----  ---------  --------  ----------  --------------  -------------------
/opt/airflow/dags/edtech_dag.py    277  0.00s             1           0  0.08s           2025-12-29T01:31:18
================================================================================
[2025-12-29T01:32:18.459+0000] {manager.py:879} INFO - 
================================================================================
DAG File Processing Stats

File Path                          PID  Runtime      # DAGs    # Errors  Last Runtime    Last Run
-------------------------------  -----  ---------  --------  ----------  --------------  -------------------
/opt/airflow/dags/edtech_dag.py    282  0.00s             1           0  0.11s           2025-12-29T01:31:48
================================================================================
[2025-12-29T01:32:46.626+0000] {manager.py:738} INFO - Searching for files in /opt/airflow/dags
[2025-12-29T01:32:46.627+0000] {manager.py:741} INFO - There are 1 files in /opt/airflow/dags
[2025-12-29T01:32:48.646+0000] {manager.py:879} INFO - 
================================================================================
DAG File Processing Stats

File Path                          PID  Runtime      # DAGs    # Errors  Last Runtime    Last Run
-------------------------------  -----  ---------  --------  ----------  --------------  -------------------
/opt/airflow/dags/edtech_dag.py    287  0.00s             1           0  0.08s           2025-12-29T01:32:18
================================================================================
[2025-12-29T01:33:18.766+0000] {manager.py:879} INFO - 
================================================================================
DAG File Processing Stats

File Path                          PID  Runtime      # DAGs    # Errors  Last Runtime    Last Run
-------------------------------  -----  ---------  --------  ----------  --------------  -------------------
/opt/airflow/dags/edtech_dag.py    292  0.00s             1           0  0.09s           2025-12-29T01:32:48
================================================================================
[2025-12-29T01:33:48.925+0000] {manager.py:879} INFO - 
================================================================================
DAG File Processing Stats

File Path                          PID  Runtime      # DAGs    # Errors  Last Runtime    Last Run
-------------------------------  -----  ---------  --------  ----------  --------------  -------------------
/opt/airflow/dags/edtech_dag.py    297  0.00s             1           0  0.08s           2025-12-29T01:33:18
================================================================================
[2025-12-29T01:34:19.031+0000] {manager.py:879} INFO - 
================================================================================
DAG File Processing Stats

File Path                        PID    Runtime      # DAGs    # Errors  Last Runtime    Last Run
-------------------------------  -----  ---------  --------  ----------  --------------  -------------------
/opt/airflow/dags/edtech_dag.py                           1           0  0.13s           2025-12-29T01:33:49
================================================================================
[2025-12-29T01:34:49.286+0000] {manager.py:879} INFO - 
================================================================================
DAG File Processing Stats

File Path                          PID  Runtime      # DAGs    # Errors  Last Runtime    Last Run
-------------------------------  -----  ---------  --------  ----------  --------------  -------------------
/opt/airflow/dags/edtech_dag.py    307  0.02s             1           0  0.08s           2025-12-29T01:34:19
================================================================================
[2025-12-29T01:35:19.420+0000] {manager.py:879} INFO - 
================================================================================
DAG File Processing Stats

File Path                        PID    Runtime      # DAGs    # Errors  Last Runtime    Last Run
-------------------------------  -----  ---------  --------  ----------  --------------  -------------------
/opt/airflow/dags/edtech_dag.py                           1           0  0.18s           2025-12-29T01:34:49
================================================================================
