[2025-12-29T01:29:54.305+0000] {taskinstance.py:1957} INFO - Dependencies all met for dep_context=non-requeueable deps ti=<TaskInstance: edtech_analytics.generate_daily_report scheduled__2025-12-28T00:00:00+00:00 [queued]>
[2025-12-29T01:29:54.311+0000] {taskinstance.py:1957} INFO - Dependencies all met for dep_context=requeueable deps ti=<TaskInstance: edtech_analytics.generate_daily_report scheduled__2025-12-28T00:00:00+00:00 [queued]>
[2025-12-29T01:29:54.312+0000] {taskinstance.py:2171} INFO - Starting attempt 1 of 2
[2025-12-29T01:29:54.321+0000] {taskinstance.py:2192} INFO - Executing <Task(PythonOperator): generate_daily_report> on 2025-12-28 00:00:00+00:00
[2025-12-29T01:29:54.325+0000] {standard_task_runner.py:60} INFO - Started process 261 to run task
[2025-12-29T01:29:54.328+0000] {standard_task_runner.py:87} INFO - Running: ['***', 'tasks', 'run', 'edtech_analytics', 'generate_daily_report', 'scheduled__2025-12-28T00:00:00+00:00', '--job-id', '6', '--raw', '--subdir', 'DAGS_FOLDER/edtech_dag.py', '--cfg-path', '/tmp/tmpqspulyxa']
[2025-12-29T01:29:54.330+0000] {standard_task_runner.py:88} INFO - Job 6: Subtask generate_daily_report
[2025-12-29T01:29:54.365+0000] {task_command.py:423} INFO - Running <TaskInstance: edtech_analytics.generate_daily_report scheduled__2025-12-28T00:00:00+00:00 [running]> on host 3aa313e1d191
[2025-12-29T01:29:54.418+0000] {taskinstance.py:2481} INFO - Exporting env vars: AIRFLOW_CTX_DAG_OWNER='edtech_team' AIRFLOW_CTX_DAG_ID='edtech_analytics' AIRFLOW_CTX_TASK_ID='generate_daily_report' AIRFLOW_CTX_EXECUTION_DATE='2025-12-28T00:00:00+00:00' AIRFLOW_CTX_TRY_NUMBER='1' AIRFLOW_CTX_DAG_RUN_ID='scheduled__2025-12-28T00:00:00+00:00'
[2025-12-29T01:29:54.419+0000] {logging_mixin.py:188} INFO - 📋 Génération du rapport quotidien...
[2025-12-29T01:29:54.423+0000] {logging_mixin.py:188} INFO - 
==================================================
[2025-12-29T01:29:54.423+0000] {logging_mixin.py:188} INFO - 📊 RAPPORT QUOTIDIEN - EdTech Analytics
[2025-12-29T01:29:54.423+0000] {logging_mixin.py:188} INFO - ==================================================
[2025-12-29T01:29:54.423+0000] {logging_mixin.py:188} INFO - 👥 Nombre total d'étudiants: 1117
[2025-12-29T01:29:54.423+0000] {logging_mixin.py:188} INFO - 📚 Nombre total de leçons: 2
[2025-12-29T01:29:54.423+0000] {logging_mixin.py:188} INFO - 📺 Événements de streaming: 1
[2025-12-29T01:29:54.424+0000] {logging_mixin.py:188} INFO - ✅ Taux de complétion moyen: 50.00%
[2025-12-29T01:29:54.424+0000] {logging_mixin.py:188} INFO - ==================================================
[2025-12-29T01:29:54.424+0000] {python.py:201} INFO - Done. Returned value was: None
[2025-12-29T01:29:54.430+0000] {taskinstance.py:1138} INFO - Marking task as SUCCESS. dag_id=edtech_analytics, task_id=generate_daily_report, execution_date=20251228T000000, start_date=20251229T012954, end_date=20251229T012954
[2025-12-29T01:29:54.460+0000] {local_task_job_runner.py:234} INFO - Task exited with return code 0
[2025-12-29T01:29:54.472+0000] {taskinstance.py:3281} INFO - 0 downstream tasks scheduled from follow-on schedule check
